<?xml version="1.0" encoding="UTF-8"?>
<testng-results skipped="0" failed="1" total="5" passed="4">
  <reporter-output>
  </reporter-output>
  <suite name="Default suite" duration-ms="59586" started-at="2021-07-12T18:54:28Z" finished-at="2021-07-12T18:55:27Z">
    <groups>
    </groups>
    <test name="Default test" duration-ms="59586" started-at="2021-07-12T18:54:28Z" finished-at="2021-07-12T18:55:27Z">
      <class name="com.petstore.PetTests.UserOperations">
        <test-method status="PASS" signature="launchBrowser()[pri:0, instance:com.petstore.PetTests.UserOperations@dc24521]" name="launchBrowser" is-config="true" duration-ms="7255" started-at="2021-07-13T00:24:28Z" finished-at="2021-07-13T00:24:35Z">
          <reporter-output>
          </reporter-output>
        </test-method> <!-- launchBrowser -->
        <test-method status="PASS" signature="clickCollapseButton()[pri:0, instance:com.petstore.PetTests.UserOperations@dc24521]" name="clickCollapseButton" duration-ms="1085" started-at="2021-07-13T00:24:35Z" finished-at="2021-07-13T00:24:36Z">
          <reporter-output>
          </reporter-output>
        </test-method> <!-- clickCollapseButton -->
        <test-method status="FAIL" signature="clickExpand()[pri:0, instance:com.petstore.PetTests.UserOperations@dc24521]" name="clickExpand" duration-ms="50284" started-at="2021-07-13T00:24:36Z" finished-at="2021-07-13T00:25:26Z">
          <exception class="org.openqa.selenium.NoSuchElementException">
            <message>
              <![CDATA[no such element: Unable to locate element: {"method":"xpath","selector":"//span[text()='User']//ancestor::button/parent::span/span[2]/table"}
  (Session info: chrome=91.0.4472.124)
For documentation on this error, please visit: https://selenium.dev/exceptions/#no_such_element
Build info: version: '4.0.0-alpha-5', revision: 'b3a0d621cc'
System info: host: 'HARI', ip: '192.168.0.100', os.name: 'Windows 10', os.arch: 'amd64', os.version: '10.0', java.version: '1.8.0_131'
Driver info: org.openqa.selenium.chrome.ChromeDriver
Capabilities {acceptInsecureCerts: false, browserName: chrome, browserVersion: 91.0.4472.124, chrome: {chromedriverVersion: 91.0.4472.101 (af52a90bf870..., userDataDir: C:\Users\jalla\AppData\Loca...}, goog:chromeOptions: {debuggerAddress: localhost:52946}, javascriptEnabled: true, networkConnectionEnabled: false, pageLoadStrategy: normal, platform: WINDOWS, platformName: WINDOWS, proxy: Proxy(), setWindowRect: true, strictFileInteractability: false, timeouts: {implicit: 0, pageLoad: 300000, script: 30000}, unhandledPromptBehavior: dismiss and notify, webauthn:extension:largeBlob: true, webauthn:virtualAuthenticators: true}
Session ID: a05edf4646d988876fb29a805f9e4286
*** Element info: {Using=xpath, value=//span[text()='User']//ancestor::button/parent::span/span[2]/table}]]>
            </message>
            <full-stacktrace>
              <![CDATA[org.openqa.selenium.NoSuchElementException: no such element: Unable to locate element: {"method":"xpath","selector":"//span[text()='User']//ancestor::button/parent::span/span[2]/table"}
  (Session info: chrome=91.0.4472.124)
For documentation on this error, please visit: https://selenium.dev/exceptions/#no_such_element
Build info: version: '4.0.0-alpha-5', revision: 'b3a0d621cc'
System info: host: 'HARI', ip: '192.168.0.100', os.name: 'Windows 10', os.arch: 'amd64', os.version: '10.0', java.version: '1.8.0_131'
Driver info: org.openqa.selenium.chrome.ChromeDriver
Capabilities {acceptInsecureCerts: false, browserName: chrome, browserVersion: 91.0.4472.124, chrome: {chromedriverVersion: 91.0.4472.101 (af52a90bf870..., userDataDir: C:\Users\jalla\AppData\Loca...}, goog:chromeOptions: {debuggerAddress: localhost:52946}, javascriptEnabled: true, networkConnectionEnabled: false, pageLoadStrategy: normal, platform: WINDOWS, platformName: WINDOWS, proxy: Proxy(), setWindowRect: true, strictFileInteractability: false, timeouts: {implicit: 0, pageLoad: 300000, script: 30000}, unhandledPromptBehavior: dismiss and notify, webauthn:extension:largeBlob: true, webauthn:virtualAuthenticators: true}
Session ID: a05edf4646d988876fb29a805f9e4286
*** Element info: {Using=xpath, value=//span[text()='User']//ancestor::button/parent::span/span[2]/table}
	at sun.reflect.NativeConstructorAccessorImpl.newInstance0(Native Method)
	at sun.reflect.NativeConstructorAccessorImpl.newInstance(Unknown Source)
	at sun.reflect.DelegatingConstructorAccessorImpl.newInstance(Unknown Source)
	at java.lang.reflect.Constructor.newInstance(Unknown Source)
	at org.openqa.selenium.remote.codec.w3c.W3CHttpResponseCodec.createException(W3CHttpResponseCodec.java:196)
	at org.openqa.selenium.remote.codec.w3c.W3CHttpResponseCodec.decode(W3CHttpResponseCodec.java:129)
	at org.openqa.selenium.remote.codec.w3c.W3CHttpResponseCodec.decode(W3CHttpResponseCodec.java:53)
	at org.openqa.selenium.remote.HttpCommandExecutor.execute(HttpCommandExecutor.java:161)
	at org.openqa.selenium.remote.service.DriverCommandExecutor.execute(DriverCommandExecutor.java:83)
	at org.openqa.selenium.remote.RemoteWebDriver.execute(RemoteWebDriver.java:582)
	at org.openqa.selenium.remote.RemoteWebDriver.findElement(RemoteWebDriver.java:333)
	at org.openqa.selenium.remote.RemoteWebDriver.findElementByXPath(RemoteWebDriver.java:451)
	at org.openqa.selenium.By$ByXPath.findElement(By.java:394)
	at org.openqa.selenium.remote.RemoteWebDriver.findElement(RemoteWebDriver.java:325)
	at com.petstore.PetTests.UserOperations.clickExpand(UserOperations.java:57)
	at sun.reflect.NativeMethodAccessorImpl.invoke0(Native Method)
	at sun.reflect.NativeMethodAccessorImpl.invoke(Unknown Source)
	at sun.reflect.DelegatingMethodAccessorImpl.invoke(Unknown Source)
	at java.lang.reflect.Method.invoke(Unknown Source)
	at org.testng.internal.MethodInvocationHelper.invokeMethod(MethodInvocationHelper.java:100)
	at org.testng.internal.Invoker.invokeMethod(Invoker.java:646)
	at org.testng.internal.Invoker.invokeTestMethod(Invoker.java:811)
	at org.testng.internal.Invoker.invokeTestMethods(Invoker.java:1129)
	at org.testng.internal.TestMethodWorker.invokeTestMethods(TestMethodWorker.java:129)
	at org.testng.internal.TestMethodWorker.run(TestMethodWorker.java:112)
	at org.testng.TestRunner.privateRun(TestRunner.java:746)
	at org.testng.TestRunner.run(TestRunner.java:600)
	at org.testng.SuiteRunner.runTest(SuiteRunner.java:366)
	at org.testng.SuiteRunner.runSequentially(SuiteRunner.java:361)
	at org.testng.SuiteRunner.privateRun(SuiteRunner.java:319)
	at org.testng.SuiteRunner.run(SuiteRunner.java:268)
	at org.testng.SuiteRunnerWorker.runSuite(SuiteRunnerWorker.java:52)
	at org.testng.SuiteRunnerWorker.run(SuiteRunnerWorker.java:86)
	at org.testng.TestNG.runSuitesSequentially(TestNG.java:1264)
	at org.testng.TestNG.runSuitesLocally(TestNG.java:1189)
	at org.testng.TestNG.runSuites(TestNG.java:1104)
	at org.testng.TestNG.run(TestNG.java:1076)
	at org.testng.remote.AbstractRemoteTestNG.run(AbstractRemoteTestNG.java:126)
	at org.testng.remote.RemoteTestNG.initAndRun(RemoteTestNG.java:152)
	at org.testng.remote.RemoteTestNG.main(RemoteTestNG.java:57)
]]>
            </full-stacktrace>
          </exception> <!-- org.openqa.selenium.NoSuchElementException -->
          <reporter-output>
          </reporter-output>
        </test-method> <!-- clickExpand -->
        <test-method status="PASS" signature="verifyCollapseButton()[pri:0, instance:com.petstore.PetTests.UserOperations@dc24521]" name="verifyCollapseButton" duration-ms="66" started-at="2021-07-13T00:25:26Z" finished-at="2021-07-13T00:25:26Z">
          <reporter-output>
          </reporter-output>
        </test-method> <!-- verifyCollapseButton -->
        <test-method status="PASS" signature="verifyExpandButton()[pri:0, instance:com.petstore.PetTests.UserOperations@dc24521]" name="verifyExpandButton" duration-ms="38" started-at="2021-07-13T00:25:26Z" finished-at="2021-07-13T00:25:27Z">
          <reporter-output>
          </reporter-output>
        </test-method> <!-- verifyExpandButton -->
        <test-method status="PASS" signature="verifyHomepageTitle()[pri:0, instance:com.petstore.PetTests.UserOperations@dc24521]" name="verifyHomepageTitle" duration-ms="11" started-at="2021-07-13T00:25:27Z" finished-at="2021-07-13T00:25:27Z">
          <reporter-output>
          </reporter-output>
        </test-method> <!-- verifyHomepageTitle -->
        <test-method status="PASS" signature="terminateBrowser()[pri:0, instance:com.petstore.PetTests.UserOperations@dc24521]" name="terminateBrowser" is-config="true" duration-ms="791" started-at="2021-07-13T00:25:27Z" finished-at="2021-07-13T00:25:27Z">
          <reporter-output>
          </reporter-output>
        </test-method> <!-- terminateBrowser -->
      </class> <!-- com.petstore.PetTests.UserOperations -->
    </test> <!-- Default test -->
  </suite> <!-- Default suite -->
</testng-results>
