<?xml version="1.0" encoding="UTF-8"?>
<testng-results skipped="0" failed="0" total="2" passed="2">
  <reporter-output>
  </reporter-output>
  <suite name="Default suite" duration-ms="91010" started-at="2021-07-12T14:20:13Z" finished-at="2021-07-12T14:21:44Z">
    <groups>
    </groups>
    <test name="Default test" duration-ms="91010" started-at="2021-07-12T14:20:13Z" finished-at="2021-07-12T14:21:44Z">
      <class name="com.petstore.PetTests.petStoreTest">
        <test-method status="PASS" signature="beforeTest()[pri:0, instance:com.petstore.PetTests.petStoreTest@636be97c]" name="beforeTest" is-config="true" duration-ms="24" started-at="2021-07-12T19:50:13Z" finished-at="2021-07-12T19:50:13Z">
          <reporter-output>
          </reporter-output>
        </test-method> <!-- beforeTest -->
        <test-method status="PASS" signature="addNewPet()[pri:0, instance:com.petstore.PetTests.petStoreTest@636be97c]" name="addNewPet" duration-ms="5253" started-at="2021-07-12T19:50:13Z" finished-at="2021-07-12T19:50:18Z">
          <reporter-output>
          </reporter-output>
        </test-method> <!-- addNewPet -->
        <test-method status="PASS" signature="verifyNewPet()[pri:1, instance:com.petstore.PetTests.petStoreTest@636be97c]" name="verifyNewPet" duration-ms="85687" started-at="2021-07-12T19:50:18Z" finished-at="2021-07-12T19:51:44Z">
          <reporter-output>
          </reporter-output>
        </test-method> <!-- verifyNewPet -->
      </class> <!-- com.petstore.PetTests.petStoreTest -->
    </test> <!-- Default test -->
  </suite> <!-- Default suite -->
</testng-results>
